e:\temp\audioserver_exe\x64\debug\vc142.pdb
e:\temp\audioserver_exe\x64\debug\vc142.idb
e:\temp\audioserver_exe\x64\debug\sha1.obj
e:\temp\audioserver_exe\x64\debug\debug.obj
e:\temp\audioserver_exe\x64\debug\config.obj
e:\temp\audioserver_exe\x64\debug\base64.obj
e:\temp\audioserver_exe\x64\debug\audiofft.obj
e:\temp\audioserver_exe\x64\debug\audiocapture.obj
e:\temp\audioserver_exe\x64\debug\adv_plugin.obj
e:\temp\audioserver_exe\x64\debug\a2fft_server.obj
d:\temp\advserver_exe_beta\x64\debug\audioserver_exe.ilk
d:\temp\advserver_exe_beta\x64\debug\audioserver_exe.exe
d:\temp\advserver_exe_beta\x64\debug\audioserver_exe.pdb
e:\temp\x64\debug\audioserver_exe.ilk
e:\temp\x64\debug\audioserver_exe.exe
e:\temp\x64\debug\audioserver_exe.pdb
e:\temp\audioserver_exe\x64\debug\audioserver_exe.res
c:\users\49032\downloads\advserver-master\audioserver_exe\x64\debug\a2fft_server.obj
c:\users\49032\downloads\advserver-master\audioserver_exe\x64\debug\adv_plugin.obj
c:\users\49032\downloads\advserver-master\audioserver_exe\x64\debug\audiocapture.obj
c:\users\49032\downloads\advserver-master\audioserver_exe\x64\debug\audiofft.obj
c:\users\49032\downloads\advserver-master\audioserver_exe\x64\debug\base64.obj
c:\users\49032\downloads\advserver-master\audioserver_exe\x64\debug\config.obj
c:\users\49032\downloads\advserver-master\audioserver_exe\x64\debug\debug.obj
c:\users\49032\downloads\advserver-master\audioserver_exe\x64\debug\sha1.obj
c:\users\49032\downloads\advserver-master\audioserver_exe\x64\debug\audioserver_exe.res
c:\users\49032\downloads\advserver-master\audioserver_exe\x64\debug\vc142.idb
c:\users\49032\downloads\advserver-master\audioserver_exe\x64\debug\vc142.pdb
c:\users\49032\downloads\advserver-master\audioserver_exe\x64\debug\audioserver_exe.tlog\cl.command.1.tlog
c:\users\49032\downloads\advserver-master\audioserver_exe\x64\debug\audioserver_exe.tlog\cl.read.1.tlog
c:\users\49032\downloads\advserver-master\audioserver_exe\x64\debug\audioserver_exe.tlog\cl.write.1.tlog
c:\users\49032\downloads\advserver-master\audioserver_exe\x64\debug\audioserver_exe.tlog\link.command.1.tlog
c:\users\49032\downloads\advserver-master\audioserver_exe\x64\debug\audioserver_exe.tlog\link.read.1.tlog
c:\users\49032\downloads\advserver-master\audioserver_exe\x64\debug\audioserver_exe.tlog\link.write.1.tlog
c:\users\49032\downloads\advserver-master\audioserver_exe\x64\debug\audioserver_exe.tlog\rc.command.1.tlog
c:\users\49032\downloads\advserver-master\audioserver_exe\x64\debug\audioserver_exe.tlog\rc.read.1.tlog
c:\users\49032\downloads\advserver-master\audioserver_exe\x64\debug\audioserver_exe.tlog\rc.write.1.tlog
