e:\advserver\x64\release\audioserver_exe.ipdb
e:\advserver\x64\release\audioserver_exe.iobj
e:\advserver\audioserver_exe\x64\release\vc142.pdb
e:\advserver\audioserver_exe\x64\release\sha1.obj
e:\advserver\audioserver_exe\x64\release\debug.obj
e:\advserver\audioserver_exe\x64\release\config.obj
e:\advserver\audioserver_exe\x64\release\base64.obj
e:\advserver\audioserver_exe\x64\release\audiofft.obj
e:\advserver\audioserver_exe\x64\release\audiocapture.obj
e:\advserver\audioserver_exe\x64\release\adv_plugin.obj
e:\advserver\audioserver_exe\x64\release\a2fft_server.obj
e:\advserver\x64\release\audioserver_exe.exe
e:\advserver\x64\release\audioserver_exe.pdb
e:\advserver\audioserver_exe\x64\release\audioserver_exe.res
e:\advserver\audioserver_exe\x64\release\audioserver_exe.tlog\audioserver_exe.write.1u.tlog
e:\advserver\audioserver_exe\x64\release\audioserver_exe.tlog\cl.command.1.tlog
e:\advserver\audioserver_exe\x64\release\audioserver_exe.tlog\cl.read.1.tlog
e:\advserver\audioserver_exe\x64\release\audioserver_exe.tlog\cl.write.1.tlog
e:\advserver\audioserver_exe\x64\release\audioserver_exe.tlog\link.command.1.tlog
e:\advserver\audioserver_exe\x64\release\audioserver_exe.tlog\link.read.1.tlog
e:\advserver\audioserver_exe\x64\release\audioserver_exe.tlog\link.write.1.tlog
e:\advserver\audioserver_exe\x64\release\audioserver_exe.tlog\rc.command.1.tlog
e:\advserver\audioserver_exe\x64\release\audioserver_exe.tlog\rc.read.1.tlog
e:\advserver\audioserver_exe\x64\release\audioserver_exe.tlog\rc.write.1.tlog
