  a2fft_server.cpp
E:\ADVServer\ADVServer\AudioServer_exe\src\a2fft_server.cpp(17,2): warning C4091: “static ”: 没有声明变量时忽略“WebSocketStreamHeader”的左侧
E:\ADVServer\ADVServer\AudioServer_exe\src\a2fft_server.cpp(29,2): warning C4091: “static ”: 没有声明变量时忽略“WS_FrameType”的左侧
E:\ADVServer\ADVServer\AudioServer_exe\src\a2fft_server.cpp(137,26): warning C4244: “=”: 从“unsigned __int64”转换到“unsigned int”，可能丢失数据
E:\ADVServer\ADVServer\AudioServer_exe\src\a2fft_server.cpp(179,40): warning C4267: “=”: 从“size_t”转换到“uint32_t”，可能丢失数据
E:\ADVServer\ADVServer\AudioServer_exe\src\a2fft_server.cpp(213,12): warning C4244: “=”: 从“uint64_t”转换到“uint32_t”，可能丢失数据
E:\ADVServer\ADVServer\AudioServer_exe\src\a2fft_server.cpp(246,25): warning C4267: “=”: 从“size_t”转换到“uint32_t”，可能丢失数据
E:\ADVServer\ADVServer\AudioServer_exe\src\a2fft_server.cpp(434,67): warning C4267: “参数”: 从“size_t”转换到“int”，可能丢失数据
E:\ADVServer\ADVServer\AudioServer_exe\src\a2fft_server.cpp(548,23): warning C4244: “初始化”: 从“double”转换到“float”，可能丢失数据
E:\ADVServer\ADVServer\AudioServer_exe\src\a2fft_server.cpp(550,16): warning C4244: “初始化”: 从“double”转换到“float”，可能丢失数据
E:\ADVServer\ADVServer\AudioServer_exe\src\a2fft_server.cpp(667,18): warning C4018: “<”: 有符号/无符号不匹配
E:\ADVServer\ADVServer\AudioServer_exe\src\a2fft_server.cpp(698,89): warning C4244: “=”: 从“double”转换到“float”，可能丢失数据
E:\ADVServer\ADVServer\AudioServer_exe\src\a2fft_server.cpp(699,89): warning C4244: “=”: 从“double”转换到“float”，可能丢失数据
E:\ADVServer\ADVServer\AudioServer_exe\src\a2fft_server.cpp(731,34): warning C4018: “<”: 有符号/无符号不匹配
E:\ADVServer\ADVServer\AudioServer_exe\src\a2fft_server.cpp(770,17): warning C4018: “<”: 有符号/无符号不匹配
E:\ADVServer\ADVServer\AudioServer_exe\src\a2fft_server.cpp(800,88): warning C4244: “=”: 从“double”转换到“float”，可能丢失数据
E:\ADVServer\ADVServer\AudioServer_exe\src\a2fft_server.cpp(801,88): warning C4244: “=”: 从“double”转换到“float”，可能丢失数据
E:\ADVServer\ADVServer\AudioServer_exe\src\a2fft_server.cpp(893,7): warning C4101: “ret”: 未引用的局部变量
  adv_plugin.cpp
  audiocapture.cpp
  AudioFFT.cpp
  base64.cpp
E:\ADVServer\ADVServer\AudioServer_exe\src\base64.cpp(88,69): warning C4267: “=”: 从“size_t”转换到“unsigned char”，可能丢失数据
E:\ADVServer\ADVServer\AudioServer_exe\src\base64.cpp(105,65): warning C4267: “=”: 从“size_t”转换到“unsigned char”，可能丢失数据
  config.cpp
  debug.cpp
  sha1.cpp
  正在生成代码
  Previous IPDB not found, fall back to full compilation.
E:\ADVServer\ADVServer\AudioServer_exe\src\a2fft_server.cpp(405): warning C4715: “CA2FFTServer::Initial_”: 不是所有的控件路径都返回值
  All 827 functions were compiled because no usable IPDB/IOBJ from previous compilation was found.
  已完成代码的生成
  AudioServer_exe.vcxproj -> E:\ADVServer\ADVServer\x64\Release\AudioServer_exe.exe
